[2m18:12:02[22m [31m[1m[vite][22m[39m [31m[2m(client)[22m[39m Pre-transform error: Failed to parse source for import analysis because the content contains invalid JS syntax. Install @vitejs/plugin-vue to handle .vue files.
  Plugin: [35mvite:import-analysis[39m
  File: [36mC:/Users/user/AppData/Roaming/Open Design/namespaces/release-stable-win/data/projects/63a795c4-19ae-4b81-9177-dded77715c62/output/src/App.vue[39m:5:18
[33m  3  |      <transition name="page-fade" mode="out-in">
  4  |        <component :is="Component" :key="route.path" />
  5  |      </transition>
     |                   ^
  6  |    </router-view>
  7  |    <Toast />[39m
[2m18:12:02[22m [31m[1m[vite][22m[39m [31m[2m(client)[22m[39m Pre-transform error: Failed to resolve import "@/views/generate/GenerateVacancyPage.vue" from "src/router/index.ts". Does the file exist?
  Plugin: [35mvite:import-analysis[39m
  File: [36mC:/Users/user/AppData/Roaming/Open Design/namespaces/release-stable-win/data/projects/63a795c4-19ae-4b81-9177-dded77715c62/output/src/router/index.ts[39m:13:30
[33m  10 |        path: "/generate/vacancy",
  11 |        name: "generate-vacancy",
  12 |        component: () => import("@/views/generate/GenerateVacancyPage.vue")
     |                                ^
  13 |      },
  14 |      {[39m
[2m18:12:02[22m [31m[1m[vite][22m[39m [31mInternal server error: Failed to resolve import "@/views/generate/GenerateVacancyPage.vue" from "src/router/index.ts". Does the file exist?[39m
  Plugin: [35mvite:import-analysis[39m
  File: [36mC:/Users/user/AppData/Roaming/Open Design/namespaces/release-stable-win/data/projects/63a795c4-19ae-4b81-9177-dded77715c62/output/src/router/index.ts[39m:13:30
[33m  10 |        path: "/generate/vacancy",
  11 |        name: "generate-vacancy",
  12 |        component: () => import("@/views/generate/GenerateVacancyPage.vue")
     |                                ^
  13 |      },
  14 |      {[39m
      at TransformPluginContext._formatLog (file:///C:/Users/user/AppData/Roaming/Open%20Design/namespaces/release-stable-win/data/projects/63a795c4-19ae-4b81-9177-dded77715c62/output/node_modules/vite/dist/node/chunks/dep-Dm0c1Wj2.js:42658:41)
      at TransformPluginContext.error (file:///C:/Users/user/AppData/Roaming/Open%20Design/namespaces/release-stable-win/data/projects/63a795c4-19ae-4b81-9177-dded77715c62/output/node_modules/vite/dist/node/chunks/dep-Dm0c1Wj2.js:42655:16)
      at normalizeUrl (file:///C:/Users/user/AppData/Roaming/Open%20Design/namespaces/release-stable-win/data/projects/63a795c4-19ae-4b81-9177-dded77715c62/output/node_modules/vite/dist/node/chunks/dep-Dm0c1Wj2.js:40634:23)
      at process.processTicksAndRejections (node:internal/process/task_queues:104:5)
      at async file:///C:/Users/user/AppData/Roaming/Open%20Design/namespaces/release-stable-win/data/projects/63a795c4-19ae-4b81-9177-dded77715c62/output/node_modules/vite/dist/node/chunks/dep-Dm0c1Wj2.js:40753:37
      at async Promise.all (index 2)
      at async TransformPluginContext.transform (file:///C:/Users/user/AppData/Roaming/Open%20Design/namespaces/release-stable-win/data/projects/63a795c4-19ae-4b81-9177-dded77715c62/output/node_modules/vite/dist/node/chunks/dep-Dm0c1Wj2.js:40680:7)
      at async EnvironmentPluginContainer.transform (file:///C:/Users/user/AppData/Roaming/Open%20Design/namespaces/release-stable-win/data/projects/63a795c4-19ae-4b81-9177-dded77715c62/output/node_modules/vite/dist/node/chunks/dep-Dm0c1Wj2.js:42453:18)
      at async loadAndTransform (file:///C:/Users/user/AppData/Roaming/Open%20Design/namespaces/release-stable-win/data/projects/63a795c4-19ae-4b81-9177-dded77715c62/output/node_modules/vite/dist/node/chunks/dep-Dm0c1Wj2.js:35845:27)
      at async viteTransformMiddleware (file:///C:/Users/user/AppData/Roaming/Open%20Design/namespaces/release-stable-win/data/projects/63a795c4-19ae-4b81-9177-dded77715c62/output/node_modules/vite/dist/node/chunks/dep-Dm0c1Wj2.js:37369:24)
[2m18:12:02[22m [31m[1m[vite][22m[39m [31mInternal server error: Failed to parse source for import analysis because the content contains invalid JS syntax. Install @vitejs/plugin-vue to handle .vue files.[39m
  Plugin: [35mvite:import-analysis[39m
  File: [36mC:/Users/user/AppData/Roaming/Open Design/namespaces/release-stable-win/data/projects/63a795c4-19ae-4b81-9177-dded77715c62/output/src/App.vue[39m:5:18
[33m  3  |      <transition name="page-fade" mode="out-in">
  4  |        <component :is="Component" :key="route.path" />
  5  |      </transition>
     |                   ^
  6  |    </router-view>
  7  |    <Toast />[39m
      at TransformPluginContext._formatLog (file:///C:/Users/user/AppData/Roaming/Open%20Design/namespaces/release-stable-win/data/projects/63a795c4-19ae-4b81-9177-dded77715c62/output/node_modules/vite/dist/node/chunks/dep-Dm0c1Wj2.js:42658:41)
      at TransformPluginContext.error (file:///C:/Users/user/AppData/Roaming/Open%20Design/namespaces/release-stable-win/data/projects/63a795c4-19ae-4b81-9177-dded77715c62/output/node_modules/vite/dist/node/chunks/dep-Dm0c1Wj2.js:42655:16)
      at TransformPluginContext.transform (file:///C:/Users/user/AppData/Roaming/Open%20Design/namespaces/release-stable-win/data/projects/63a795c4-19ae-4b81-9177-dded77715c62/output/node_modules/vite/dist/node/chunks/dep-Dm0c1Wj2.js:40585:14)
      at async EnvironmentPluginContainer.transform (file:///C:/Users/user/AppData/Roaming/Open%20Design/namespaces/release-stable-win/data/projects/63a795c4-19ae-4b81-9177-dded77715c62/output/node_modules/vite/dist/node/chunks/dep-Dm0c1Wj2.js:42453:18)
      at async loadAndTransform (file:///C:/Users/user/AppData/Roaming/Open%20Design/namespaces/release-stable-win/data/projects/63a795c4-19ae-4b81-9177-dded77715c62/output/node_modules/vite/dist/node/chunks/dep-Dm0c1Wj2.js:35845:27)
      at async viteTransformMiddleware (file:///C:/Users/user/AppData/Roaming/Open%20Design/namespaces/release-stable-win/data/projects/63a795c4-19ae-4b81-9177-dded77715c62/output/node_modules/vite/dist/node/chunks/dep-Dm0c1Wj2.js:37369:24)
[2m18:12:06[22m [31m[1m[vite][22m[39m [31mInternal server error: Failed to parse source for import analysis because the content contains invalid JS syntax. Install @vitejs/plugin-vue to handle .vue files.[39m
  Plugin: [35mvite:import-analysis[39m
  File: [36mC:/Users/user/AppData/Roaming/Open Design/namespaces/release-stable-win/data/projects/63a795c4-19ae-4b81-9177-dded77715c62/output/src/App.vue[39m:5:18
[33m  3  |      <transition name="page-fade" mode="out-in">
  4  |        <component :is="Component" :key="route.path" />
  5  |      </transition>
     |                   ^
  6  |    </router-view>
  7  |    <Toast />[39m
      at TransformPluginContext._formatLog (file:///C:/Users/user/AppData/Roaming/Open%20Design/namespaces/release-stable-win/data/projects/63a795c4-19ae-4b81-9177-dded77715c62/output/node_modules/vite/dist/node/chunks/dep-Dm0c1Wj2.js:42658:41)
      at TransformPluginContext.error (file:///C:/Users/user/AppData/Roaming/Open%20Design/namespaces/release-stable-win/data/projects/63a795c4-19ae-4b81-9177-dded77715c62/output/node_modules/vite/dist/node/chunks/dep-Dm0c1Wj2.js:42655:16)
      at TransformPluginContext.transform (file:///C:/Users/user/AppData/Roaming/Open%20Design/namespaces/release-stable-win/data/projects/63a795c4-19ae-4b81-9177-dded77715c62/output/node_modules/vite/dist/node/chunks/dep-Dm0c1Wj2.js:40585:14)
      at async EnvironmentPluginContainer.transform (file:///C:/Users/user/AppData/Roaming/Open%20Design/namespaces/release-stable-win/data/projects/63a795c4-19ae-4b81-9177-dded77715c62/output/node_modules/vite/dist/node/chunks/dep-Dm0c1Wj2.js:42453:18)
      at async loadAndTransform (file:///C:/Users/user/AppData/Roaming/Open%20Design/namespaces/release-stable-win/data/projects/63a795c4-19ae-4b81-9177-dded77715c62/output/node_modules/vite/dist/node/chunks/dep-Dm0c1Wj2.js:35845:27)
      at async viteTransformMiddleware (file:///C:/Users/user/AppData/Roaming/Open%20Design/namespaces/release-stable-win/data/projects/63a795c4-19ae-4b81-9177-dded77715c62/output/node_modules/vite/dist/node/chunks/dep-Dm0c1Wj2.js:37369:24)
[2m18:12:06[22m [31m[1m[vite][22m[39m [31mInternal server error: Failed to resolve import "@/views/generate/GenerateVacancyPage.vue" from "src/router/index.ts". Does the file exist?[39m
  Plugin: [35mvite:import-analysis[39m
  File: [36mC:/Users/user/AppData/Roaming/Open Design/namespaces/release-stable-win/data/projects/63a795c4-19ae-4b81-9177-dded77715c62/output/src/router/index.ts[39m:13:30
[33m  10 |        path: "/generate/vacancy",
  11 |        name: "generate-vacancy",
  12 |        component: () => import("@/views/generate/GenerateVacancyPage.vue")
     |                                ^
  13 |      },
  14 |      {[39m
      at TransformPluginContext._formatLog (file:///C:/Users/user/AppData/Roaming/Open%20Design/namespaces/release-stable-win/data/projects/63a795c4-19ae-4b81-9177-dded77715c62/output/node_modules/vite/dist/node/chunks/dep-Dm0c1Wj2.js:42658:41)
      at TransformPluginContext.error (file:///C:/Users/user/AppData/Roaming/Open%20Design/namespaces/release-stable-win/data/projects/63a795c4-19ae-4b81-9177-dded77715c62/output/node_modules/vite/dist/node/chunks/dep-Dm0c1Wj2.js:42655:16)
      at normalizeUrl (file:///C:/Users/user/AppData/Roaming/Open%20Design/namespaces/release-stable-win/data/projects/63a795c4-19ae-4b81-9177-dded77715c62/output/node_modules/vite/dist/node/chunks/dep-Dm0c1Wj2.js:40634:23)
      at process.processTicksAndRejections (node:internal/process/task_queues:104:5)
      at async file:///C:/Users/user/AppData/Roaming/Open%20Design/namespaces/release-stable-win/data/projects/63a795c4-19ae-4b81-9177-dded77715c62/output/node_modules/vite/dist/node/chunks/dep-Dm0c1Wj2.js:40753:37
      at async Promise.all (index 2)
      at async TransformPluginContext.transform (file:///C:/Users/user/AppData/Roaming/Open%20Design/namespaces/release-stable-win/data/projects/63a795c4-19ae-4b81-9177-dded77715c62/output/node_modules/vite/dist/node/chunks/dep-Dm0c1Wj2.js:40680:7)
      at async EnvironmentPluginContainer.transform (file:///C:/Users/user/AppData/Roaming/Open%20Design/namespaces/release-stable-win/data/projects/63a795c4-19ae-4b81-9177-dded77715c62/output/node_modules/vite/dist/node/chunks/dep-Dm0c1Wj2.js:42453:18)
      at async loadAndTransform (file:///C:/Users/user/AppData/Roaming/Open%20Design/namespaces/release-stable-win/data/projects/63a795c4-19ae-4b81-9177-dded77715c62/output/node_modules/vite/dist/node/chunks/dep-Dm0c1Wj2.js:35845:27)
      at async viteTransformMiddleware (file:///C:/Users/user/AppData/Roaming/Open%20Design/namespaces/release-stable-win/data/projects/63a795c4-19ae-4b81-9177-dded77715c62/output/node_modules/vite/dist/node/chunks/dep-Dm0c1Wj2.js:37369:24)
[2m20:05:35[22m [31m[1m[vite][22m[39m [31m[2m(client)[22m[39m Pre-transform error: Failed to parse source for import analysis because the content contains invalid JS syntax. Install @vitejs/plugin-vue to handle .vue files.
  Plugin: [35mvite:import-analysis[39m
  File: [36mC:/Users/user/AppData/Roaming/Open Design/namespaces/release-stable-win/data/projects/63a795c4-19ae-4b81-9177-dded77715c62/output/src/App.vue[39m:5:18
[33m  3  |      <transition name="page-fade" mode="out-in">
  4  |        <component :is="Component" :key="route.path" />
  5  |      </transition>
     |                   ^
  6  |    </router-view>
  7  |    <Toast />[39m
[2m20:05:35[22m [31m[1m[vite][22m[39m [31m[2m(client)[22m[39m Pre-transform error: Failed to resolve import "@/views/generate/GenerateVacancyPage.vue" from "src/router/index.ts". Does the file exist?
  Plugin: [35mvite:import-analysis[39m
  File: [36mC:/Users/user/AppData/Roaming/Open Design/namespaces/release-stable-win/data/projects/63a795c4-19ae-4b81-9177-dded77715c62/output/src/router/index.ts[39m:13:30
[33m  10 |        path: "/generate/vacancy",
  11 |        name: "generate-vacancy",
  12 |        component: () => import("@/views/generate/GenerateVacancyPage.vue")
     |                                ^
  13 |      },
  14 |      {[39m
[2m20:05:36[22m [31m[1m[vite][22m[39m [31mInternal server error: Failed to resolve import "@/views/generate/GenerateVacancyPage.vue" from "src/router/index.ts". Does the file exist?[39m
  Plugin: [35mvite:import-analysis[39m
  File: [36mC:/Users/user/AppData/Roaming/Open Design/namespaces/release-stable-win/data/projects/63a795c4-19ae-4b81-9177-dded77715c62/output/src/router/index.ts[39m:13:30
[33m  10 |        path: "/generate/vacancy",
  11 |        name: "generate-vacancy",
  12 |        component: () => import("@/views/generate/GenerateVacancyPage.vue")
     |                                ^
  13 |      },
  14 |      {[39m
      at TransformPluginContext._formatLog (file:///C:/Users/user/AppData/Roaming/Open%20Design/namespaces/release-stable-win/data/projects/63a795c4-19ae-4b81-9177-dded77715c62/output/node_modules/vite/dist/node/chunks/dep-Dm0c1Wj2.js:42658:41)
      at TransformPluginContext.error (file:///C:/Users/user/AppData/Roaming/Open%20Design/namespaces/release-stable-win/data/projects/63a795c4-19ae-4b81-9177-dded77715c62/output/node_modules/vite/dist/node/chunks/dep-Dm0c1Wj2.js:42655:16)
      at normalizeUrl (file:///C:/Users/user/AppData/Roaming/Open%20Design/namespaces/release-stable-win/data/projects/63a795c4-19ae-4b81-9177-dded77715c62/output/node_modules/vite/dist/node/chunks/dep-Dm0c1Wj2.js:40634:23)
      at process.processTicksAndRejections (node:internal/process/task_queues:104:5)
      at async file:///C:/Users/user/AppData/Roaming/Open%20Design/namespaces/release-stable-win/data/projects/63a795c4-19ae-4b81-9177-dded77715c62/output/node_modules/vite/dist/node/chunks/dep-Dm0c1Wj2.js:40753:37
      at async Promise.all (index 2)
      at async TransformPluginContext.transform (file:///C:/Users/user/AppData/Roaming/Open%20Design/namespaces/release-stable-win/data/projects/63a795c4-19ae-4b81-9177-dded77715c62/output/node_modules/vite/dist/node/chunks/dep-Dm0c1Wj2.js:40680:7)
      at async EnvironmentPluginContainer.transform (file:///C:/Users/user/AppData/Roaming/Open%20Design/namespaces/release-stable-win/data/projects/63a795c4-19ae-4b81-9177-dded77715c62/output/node_modules/vite/dist/node/chunks/dep-Dm0c1Wj2.js:42453:18)
      at async loadAndTransform (file:///C:/Users/user/AppData/Roaming/Open%20Design/namespaces/release-stable-win/data/projects/63a795c4-19ae-4b81-9177-dded77715c62/output/node_modules/vite/dist/node/chunks/dep-Dm0c1Wj2.js:35845:27)
      at async viteTransformMiddleware (file:///C:/Users/user/AppData/Roaming/Open%20Design/namespaces/release-stable-win/data/projects/63a795c4-19ae-4b81-9177-dded77715c62/output/node_modules/vite/dist/node/chunks/dep-Dm0c1Wj2.js:37369:24)
[2m20:05:36[22m [31m[1m[vite][22m[39m [31mInternal server error: Failed to parse source for import analysis because the content contains invalid JS syntax. Install @vitejs/plugin-vue to handle .vue files.[39m
  Plugin: [35mvite:import-analysis[39m
  File: [36mC:/Users/user/AppData/Roaming/Open Design/namespaces/release-stable-win/data/projects/63a795c4-19ae-4b81-9177-dded77715c62/output/src/App.vue[39m:5:18
[33m  3  |      <transition name="page-fade" mode="out-in">
  4  |        <component :is="Component" :key="route.path" />
  5  |      </transition>
     |                   ^
  6  |    </router-view>
  7  |    <Toast />[39m
      at TransformPluginContext._formatLog (file:///C:/Users/user/AppData/Roaming/Open%20Design/namespaces/release-stable-win/data/projects/63a795c4-19ae-4b81-9177-dded77715c62/output/node_modules/vite/dist/node/chunks/dep-Dm0c1Wj2.js:42658:41)
      at TransformPluginContext.error (file:///C:/Users/user/AppData/Roaming/Open%20Design/namespaces/release-stable-win/data/projects/63a795c4-19ae-4b81-9177-dded77715c62/output/node_modules/vite/dist/node/chunks/dep-Dm0c1Wj2.js:42655:16)
      at TransformPluginContext.transform (file:///C:/Users/user/AppData/Roaming/Open%20Design/namespaces/release-stable-win/data/projects/63a795c4-19ae-4b81-9177-dded77715c62/output/node_modules/vite/dist/node/chunks/dep-Dm0c1Wj2.js:40585:14)
      at async EnvironmentPluginContainer.transform (file:///C:/Users/user/AppData/Roaming/Open%20Design/namespaces/release-stable-win/data/projects/63a795c4-19ae-4b81-9177-dded77715c62/output/node_modules/vite/dist/node/chunks/dep-Dm0c1Wj2.js:42453:18)
      at async loadAndTransform (file:///C:/Users/user/AppData/Roaming/Open%20Design/namespaces/release-stable-win/data/projects/63a795c4-19ae-4b81-9177-dded77715c62/output/node_modules/vite/dist/node/chunks/dep-Dm0c1Wj2.js:35845:27)
      at async viteTransformMiddleware (file:///C:/Users/user/AppData/Roaming/Open%20Design/namespaces/release-stable-win/data/projects/63a795c4-19ae-4b81-9177-dded77715c62/output/node_modules/vite/dist/node/chunks/dep-Dm0c1Wj2.js:37369:24)
[2m20:05:47[22m [31m[1m[vite][22m[39m [31mInternal server error: Failed to parse source for import analysis because the content contains invalid JS syntax. Install @vitejs/plugin-vue to handle .vue files.[39m
  Plugin: [35mvite:import-analysis[39m
  File: [36mC:/Users/user/AppData/Roaming/Open Design/namespaces/release-stable-win/data/projects/63a795c4-19ae-4b81-9177-dded77715c62/output/src/App.vue[39m:5:18
[33m  3  |      <transition name="page-fade" mode="out-in">
  4  |        <component :is="Component" :key="route.path" />
  5  |      </transition>
     |                   ^
  6  |    </router-view>
  7  |    <Toast />[39m
      at TransformPluginContext._formatLog (file:///C:/Users/user/AppData/Roaming/Open%20Design/namespaces/release-stable-win/data/projects/63a795c4-19ae-4b81-9177-dded77715c62/output/node_modules/vite/dist/node/chunks/dep-Dm0c1Wj2.js:42658:41)
      at TransformPluginContext.error (file:///C:/Users/user/AppData/Roaming/Open%20Design/namespaces/release-stable-win/data/projects/63a795c4-19ae-4b81-9177-dded77715c62/output/node_modules/vite/dist/node/chunks/dep-Dm0c1Wj2.js:42655:16)
      at TransformPluginContext.transform (file:///C:/Users/user/AppData/Roaming/Open%20Design/namespaces/release-stable-win/data/projects/63a795c4-19ae-4b81-9177-dded77715c62/output/node_modules/vite/dist/node/chunks/dep-Dm0c1Wj2.js:40585:14)
      at async EnvironmentPluginContainer.transform (file:///C:/Users/user/AppData/Roaming/Open%20Design/namespaces/release-stable-win/data/projects/63a795c4-19ae-4b81-9177-dded77715c62/output/node_modules/vite/dist/node/chunks/dep-Dm0c1Wj2.js:42453:18)
      at async loadAndTransform (file:///C:/Users/user/AppData/Roaming/Open%20Design/namespaces/release-stable-win/data/projects/63a795c4-19ae-4b81-9177-dded77715c62/output/node_modules/vite/dist/node/chunks/dep-Dm0c1Wj2.js:35845:27)
      at async viteTransformMiddleware (file:///C:/Users/user/AppData/Roaming/Open%20Design/namespaces/release-stable-win/data/projects/63a795c4-19ae-4b81-9177-dded77715c62/output/node_modules/vite/dist/node/chunks/dep-Dm0c1Wj2.js:37369:24)
[2m20:05:47[22m [31m[1m[vite][22m[39m [31mInternal server error: Failed to resolve import "@/views/generate/GenerateVacancyPage.vue" from "src/router/index.ts". Does the file exist?[39m
  Plugin: [35mvite:import-analysis[39m
  File: [36mC:/Users/user/AppData/Roaming/Open Design/namespaces/release-stable-win/data/projects/63a795c4-19ae-4b81-9177-dded77715c62/output/src/router/index.ts[39m:13:30
[33m  10 |        path: "/generate/vacancy",
  11 |        name: "generate-vacancy",
  12 |        component: () => import("@/views/generate/GenerateVacancyPage.vue")
     |                                ^
  13 |      },
  14 |      {[39m
      at TransformPluginContext._formatLog (file:///C:/Users/user/AppData/Roaming/Open%20Design/namespaces/release-stable-win/data/projects/63a795c4-19ae-4b81-9177-dded77715c62/output/node_modules/vite/dist/node/chunks/dep-Dm0c1Wj2.js:42658:41)
      at TransformPluginContext.error (file:///C:/Users/user/AppData/Roaming/Open%20Design/namespaces/release-stable-win/data/projects/63a795c4-19ae-4b81-9177-dded77715c62/output/node_modules/vite/dist/node/chunks/dep-Dm0c1Wj2.js:42655:16)
      at normalizeUrl (file:///C:/Users/user/AppData/Roaming/Open%20Design/namespaces/release-stable-win/data/projects/63a795c4-19ae-4b81-9177-dded77715c62/output/node_modules/vite/dist/node/chunks/dep-Dm0c1Wj2.js:40634:23)
      at process.processTicksAndRejections (node:internal/process/task_queues:104:5)
      at async file:///C:/Users/user/AppData/Roaming/Open%20Design/namespaces/release-stable-win/data/projects/63a795c4-19ae-4b81-9177-dded77715c62/output/node_modules/vite/dist/node/chunks/dep-Dm0c1Wj2.js:40753:37
      at async Promise.all (index 2)
      at async TransformPluginContext.transform (file:///C:/Users/user/AppData/Roaming/Open%20Design/namespaces/release-stable-win/data/projects/63a795c4-19ae-4b81-9177-dded77715c62/output/node_modules/vite/dist/node/chunks/dep-Dm0c1Wj2.js:40680:7)
      at async EnvironmentPluginContainer.transform (file:///C:/Users/user/AppData/Roaming/Open%20Design/namespaces/release-stable-win/data/projects/63a795c4-19ae-4b81-9177-dded77715c62/output/node_modules/vite/dist/node/chunks/dep-Dm0c1Wj2.js:42453:18)
      at async loadAndTransform (file:///C:/Users/user/AppData/Roaming/Open%20Design/namespaces/release-stable-win/data/projects/63a795c4-19ae-4b81-9177-dded77715c62/output/node_modules/vite/dist/node/chunks/dep-Dm0c1Wj2.js:35845:27)
      at async viteTransformMiddleware (file:///C:/Users/user/AppData/Roaming/Open%20Design/namespaces/release-stable-win/data/projects/63a795c4-19ae-4b81-9177-dded77715c62/output/node_modules/vite/dist/node/chunks/dep-Dm0c1Wj2.js:37369:24)
[2m20:53:45[22m [31m[1m[vite][22m[39m [31m[2m(client)[22m[39m Pre-transform error: Failed to parse source for import analysis because the content contains invalid JS syntax. Install @vitejs/plugin-vue to handle .vue files.
  Plugin: [35mvite:import-analysis[39m
  File: [36mC:/Users/user/AppData/Roaming/Open Design/namespaces/release-stable-win/data/projects/63a795c4-19ae-4b81-9177-dded77715c62/output/src/App.vue[39m:5:18
[33m  3  |      <transition name="page-fade" mode="out-in">
  4  |        <component :is="Component" :key="route.path" />
  5  |      </transition>
     |                   ^
  6  |    </router-view>
  7  |    <Toast />[39m
[2m20:53:45[22m [31m[1m[vite][22m[39m [31m[2m(client)[22m[39m Pre-transform error: Failed to resolve import "@/views/generate/GenerateVacancyPage.vue" from "src/router/index.ts". Does the file exist?
  Plugin: [35mvite:import-analysis[39m
  File: [36mC:/Users/user/AppData/Roaming/Open Design/namespaces/release-stable-win/data/projects/63a795c4-19ae-4b81-9177-dded77715c62/output/src/router/index.ts[39m:13:30
[33m  10 |        path: "/generate/vacancy",
  11 |        name: "generate-vacancy",
  12 |        component: () => import("@/views/generate/GenerateVacancyPage.vue")
     |                                ^
  13 |      },
  14 |      {[39m
[2m20:53:45[22m [31m[1m[vite][22m[39m [31mInternal server error: Failed to resolve import "@/views/generate/GenerateVacancyPage.vue" from "src/router/index.ts". Does the file exist?[39m
  Plugin: [35mvite:import-analysis[39m
  File: [36mC:/Users/user/AppData/Roaming/Open Design/namespaces/release-stable-win/data/projects/63a795c4-19ae-4b81-9177-dded77715c62/output/src/router/index.ts[39m:13:30
[33m  10 |        path: "/generate/vacancy",
  11 |        name: "generate-vacancy",
  12 |        component: () => import("@/views/generate/GenerateVacancyPage.vue")
     |                                ^
  13 |      },
  14 |      {[39m
      at TransformPluginContext._formatLog (file:///C:/Users/user/AppData/Roaming/Open%20Design/namespaces/release-stable-win/data/projects/63a795c4-19ae-4b81-9177-dded77715c62/output/node_modules/vite/dist/node/chunks/dep-Dm0c1Wj2.js:42658:41)
      at TransformPluginContext.error (file:///C:/Users/user/AppData/Roaming/Open%20Design/namespaces/release-stable-win/data/projects/63a795c4-19ae-4b81-9177-dded77715c62/output/node_modules/vite/dist/node/chunks/dep-Dm0c1Wj2.js:42655:16)
      at normalizeUrl (file:///C:/Users/user/AppData/Roaming/Open%20Design/namespaces/release-stable-win/data/projects/63a795c4-19ae-4b81-9177-dded77715c62/output/node_modules/vite/dist/node/chunks/dep-Dm0c1Wj2.js:40634:23)
      at process.processTicksAndRejections (node:internal/process/task_queues:104:5)
      at async file:///C:/Users/user/AppData/Roaming/Open%20Design/namespaces/release-stable-win/data/projects/63a795c4-19ae-4b81-9177-dded77715c62/output/node_modules/vite/dist/node/chunks/dep-Dm0c1Wj2.js:40753:37
      at async Promise.all (index 2)
      at async TransformPluginContext.transform (file:///C:/Users/user/AppData/Roaming/Open%20Design/namespaces/release-stable-win/data/projects/63a795c4-19ae-4b81-9177-dded77715c62/output/node_modules/vite/dist/node/chunks/dep-Dm0c1Wj2.js:40680:7)
      at async EnvironmentPluginContainer.transform (file:///C:/Users/user/AppData/Roaming/Open%20Design/namespaces/release-stable-win/data/projects/63a795c4-19ae-4b81-9177-dded77715c62/output/node_modules/vite/dist/node/chunks/dep-Dm0c1Wj2.js:42453:18)
      at async loadAndTransform (file:///C:/Users/user/AppData/Roaming/Open%20Design/namespaces/release-stable-win/data/projects/63a795c4-19ae-4b81-9177-dded77715c62/output/node_modules/vite/dist/node/chunks/dep-Dm0c1Wj2.js:35845:27)
      at async viteTransformMiddleware (file:///C:/Users/user/AppData/Roaming/Open%20Design/namespaces/release-stable-win/data/projects/63a795c4-19ae-4b81-9177-dded77715c62/output/node_modules/vite/dist/node/chunks/dep-Dm0c1Wj2.js:37369:24)
[2m20:53:45[22m [31m[1m[vite][22m[39m [31mInternal server error: Failed to parse source for import analysis because the content contains invalid JS syntax. Install @vitejs/plugin-vue to handle .vue files.[39m
  Plugin: [35mvite:import-analysis[39m
  File: [36mC:/Users/user/AppData/Roaming/Open Design/namespaces/release-stable-win/data/projects/63a795c4-19ae-4b81-9177-dded77715c62/output/src/App.vue[39m:5:18
[33m  3  |      <transition name="page-fade" mode="out-in">
  4  |        <component :is="Component" :key="route.path" />
  5  |      </transition>
     |                   ^
  6  |    </router-view>
  7  |    <Toast />[39m
      at TransformPluginContext._formatLog (file:///C:/Users/user/AppData/Roaming/Open%20Design/namespaces/release-stable-win/data/projects/63a795c4-19ae-4b81-9177-dded77715c62/output/node_modules/vite/dist/node/chunks/dep-Dm0c1Wj2.js:42658:41)
      at TransformPluginContext.error (file:///C:/Users/user/AppData/Roaming/Open%20Design/namespaces/release-stable-win/data/projects/63a795c4-19ae-4b81-9177-dded77715c62/output/node_modules/vite/dist/node/chunks/dep-Dm0c1Wj2.js:42655:16)
      at TransformPluginContext.transform (file:///C:/Users/user/AppData/Roaming/Open%20Design/namespaces/release-stable-win/data/projects/63a795c4-19ae-4b81-9177-dded77715c62/output/node_modules/vite/dist/node/chunks/dep-Dm0c1Wj2.js:40585:14)
      at async EnvironmentPluginContainer.transform (file:///C:/Users/user/AppData/Roaming/Open%20Design/namespaces/release-stable-win/data/projects/63a795c4-19ae-4b81-9177-dded77715c62/output/node_modules/vite/dist/node/chunks/dep-Dm0c1Wj2.js:42453:18)
      at async loadAndTransform (file:///C:/Users/user/AppData/Roaming/Open%20Design/namespaces/release-stable-win/data/projects/63a795c4-19ae-4b81-9177-dded77715c62/output/node_modules/vite/dist/node/chunks/dep-Dm0c1Wj2.js:35845:27)
      at async viteTransformMiddleware (file:///C:/Users/user/AppData/Roaming/Open%20Design/namespaces/release-stable-win/data/projects/63a795c4-19ae-4b81-9177-dded77715c62/output/node_modules/vite/dist/node/chunks/dep-Dm0c1Wj2.js:37369:24)
[2m20:53:55[22m [31m[1m[vite][22m[39m [31mInternal server error: Failed to resolve import "@/views/generate/GenerateVacancyPage.vue" from "src/router/index.ts". Does the file exist?[39m
  Plugin: [35mvite:import-analysis[39m
  File: [36mC:/Users/user/AppData/Roaming/Open Design/namespaces/release-stable-win/data/projects/63a795c4-19ae-4b81-9177-dded77715c62/output/src/router/index.ts[39m:13:30
[33m  10 |        path: "/generate/vacancy",
  11 |        name: "generate-vacancy",
  12 |        component: () => import("@/views/generate/GenerateVacancyPage.vue")
     |                                ^
  13 |      },
  14 |      {[39m
      at TransformPluginContext._formatLog (file:///C:/Users/user/AppData/Roaming/Open%20Design/namespaces/release-stable-win/data/projects/63a795c4-19ae-4b81-9177-dded77715c62/output/node_modules/vite/dist/node/chunks/dep-Dm0c1Wj2.js:42658:41)
      at TransformPluginContext.error (file:///C:/Users/user/AppData/Roaming/Open%20Design/namespaces/release-stable-win/data/projects/63a795c4-19ae-4b81-9177-dded77715c62/output/node_modules/vite/dist/node/chunks/dep-Dm0c1Wj2.js:42655:16)
      at normalizeUrl (file:///C:/Users/user/AppData/Roaming/Open%20Design/namespaces/release-stable-win/data/projects/63a795c4-19ae-4b81-9177-dded77715c62/output/node_modules/vite/dist/node/chunks/dep-Dm0c1Wj2.js:40634:23)
      at process.processTicksAndRejections (node:internal/process/task_queues:104:5)
      at async file:///C:/Users/user/AppData/Roaming/Open%20Design/namespaces/release-stable-win/data/projects/63a795c4-19ae-4b81-9177-dded77715c62/output/node_modules/vite/dist/node/chunks/dep-Dm0c1Wj2.js:40753:37
      at async Promise.all (index 2)
      at async TransformPluginContext.transform (file:///C:/Users/user/AppData/Roaming/Open%20Design/namespaces/release-stable-win/data/projects/63a795c4-19ae-4b81-9177-dded77715c62/output/node_modules/vite/dist/node/chunks/dep-Dm0c1Wj2.js:40680:7)
      at async EnvironmentPluginContainer.transform (file:///C:/Users/user/AppData/Roaming/Open%20Design/namespaces/release-stable-win/data/projects/63a795c4-19ae-4b81-9177-dded77715c62/output/node_modules/vite/dist/node/chunks/dep-Dm0c1Wj2.js:42453:18)
      at async loadAndTransform (file:///C:/Users/user/AppData/Roaming/Open%20Design/namespaces/release-stable-win/data/projects/63a795c4-19ae-4b81-9177-dded77715c62/output/node_modules/vite/dist/node/chunks/dep-Dm0c1Wj2.js:35845:27)
      at async viteTransformMiddleware (file:///C:/Users/user/AppData/Roaming/Open%20Design/namespaces/release-stable-win/data/projects/63a795c4-19ae-4b81-9177-dded77715c62/output/node_modules/vite/dist/node/chunks/dep-Dm0c1Wj2.js:37369:24)
[2m20:54:01[22m [31m[1m[vite][22m[39m [31mInternal server error: Failed to resolve import "@/views/generate/GenerateVacancyPage.vue" from "src/router/index.ts". Does the file exist?[39m
  Plugin: [35mvite:import-analysis[39m
  File: [36mC:/Users/user/AppData/Roaming/Open Design/namespaces/release-stable-win/data/projects/63a795c4-19ae-4b81-9177-dded77715c62/output/src/router/index.ts[39m:13:30
[33m  10 |        path: "/generate/vacancy",
  11 |        name: "generate-vacancy",
  12 |        component: () => import("@/views/generate/GenerateVacancyPage.vue")
     |                                ^
  13 |      },
  14 |      {[39m
      at TransformPluginContext._formatLog (file:///C:/Users/user/AppData/Roaming/Open%20Design/namespaces/release-stable-win/data/projects/63a795c4-19ae-4b81-9177-dded77715c62/output/node_modules/vite/dist/node/chunks/dep-Dm0c1Wj2.js:42658:41)
      at TransformPluginContext.error (file:///C:/Users/user/AppData/Roaming/Open%20Design/namespaces/release-stable-win/data/projects/63a795c4-19ae-4b81-9177-dded77715c62/output/node_modules/vite/dist/node/chunks/dep-Dm0c1Wj2.js:42655:16)
      at normalizeUrl (file:///C:/Users/user/AppData/Roaming/Open%20Design/namespaces/release-stable-win/data/projects/63a795c4-19ae-4b81-9177-dded77715c62/output/node_modules/vite/dist/node/chunks/dep-Dm0c1Wj2.js:40634:23)
      at process.processTicksAndRejections (node:internal/process/task_queues:104:5)
      at async file:///C:/Users/user/AppData/Roaming/Open%20Design/namespaces/release-stable-win/data/projects/63a795c4-19ae-4b81-9177-dded77715c62/output/node_modules/vite/dist/node/chunks/dep-Dm0c1Wj2.js:40753:37
      at async Promise.all (index 2)
      at async TransformPluginContext.transform (file:///C:/Users/user/AppData/Roaming/Open%20Design/namespaces/release-stable-win/data/projects/63a795c4-19ae-4b81-9177-dded77715c62/output/node_modules/vite/dist/node/chunks/dep-Dm0c1Wj2.js:40680:7)
      at async EnvironmentPluginContainer.transform (file:///C:/Users/user/AppData/Roaming/Open%20Design/namespaces/release-stable-win/data/projects/63a795c4-19ae-4b81-9177-dded77715c62/output/node_modules/vite/dist/node/chunks/dep-Dm0c1Wj2.js:42453:18)
      at async loadAndTransform (file:///C:/Users/user/AppData/Roaming/Open%20Design/namespaces/release-stable-win/data/projects/63a795c4-19ae-4b81-9177-dded77715c62/output/node_modules/vite/dist/node/chunks/dep-Dm0c1Wj2.js:35845:27)
      at async viteTransformMiddleware (file:///C:/Users/user/AppData/Roaming/Open%20Design/namespaces/release-stable-win/data/projects/63a795c4-19ae-4b81-9177-dded77715c62/output/node_modules/vite/dist/node/chunks/dep-Dm0c1Wj2.js:37369:24)
[2m20:54:03[22m [31m[1m[vite][22m[39m [31mInternal server error: Failed to parse source for import analysis because the content contains invalid JS syntax. Install @vitejs/plugin-vue to handle .vue files.[39m
  Plugin: [35mvite:import-analysis[39m
  File: [36mC:/Users/user/AppData/Roaming/Open Design/namespaces/release-stable-win/data/projects/63a795c4-19ae-4b81-9177-dded77715c62/output/src/components/AppHeader.vue[39m:9:13
[33m  7  |          <circle cx="16" cy="12.2" r="2.8" fill="#0F8A6A"/>
  8  |          <rect x="9.2" y="24" width="13.6" height="3" rx="0.9" fill="#0F8A6A"/>
  9  |        </svg>
     |              ^
  10 |        <span class="nav-brand">ResumAIner</span>
  11 |      </div>[39m
      at TransformPluginContext._formatLog (file:///C:/Users/user/AppData/Roaming/Open%20Design/namespaces/release-stable-win/data/projects/63a795c4-19ae-4b81-9177-dded77715c62/output/node_modules/vite/dist/node/chunks/dep-Dm0c1Wj2.js:42658:41)
      at TransformPluginContext.error (file:///C:/Users/user/AppData/Roaming/Open%20Design/namespaces/release-stable-win/data/projects/63a795c4-19ae-4b81-9177-dded77715c62/output/node_modules/vite/dist/node/chunks/dep-Dm0c1Wj2.js:42655:16)
      at TransformPluginContext.transform (file:///C:/Users/user/AppData/Roaming/Open%20Design/namespaces/release-stable-win/data/projects/63a795c4-19ae-4b81-9177-dded77715c62/output/node_modules/vite/dist/node/chunks/dep-Dm0c1Wj2.js:40585:14)
      at async EnvironmentPluginContainer.transform (file:///C:/Users/user/AppData/Roaming/Open%20Design/namespaces/release-stable-win/data/projects/63a795c4-19ae-4b81-9177-dded77715c62/output/node_modules/vite/dist/node/chunks/dep-Dm0c1Wj2.js:42453:18)
      at async loadAndTransform (file:///C:/Users/user/AppData/Roaming/Open%20Design/namespaces/release-stable-win/data/projects/63a795c4-19ae-4b81-9177-dded77715c62/output/node_modules/vite/dist/node/chunks/dep-Dm0c1Wj2.js:35845:27)
[2m20:54:12[22m [31m[1m[vite][22m[39m [31mInternal server error: Failed to parse source for import analysis because the content contains invalid JS syntax. Install @vitejs/plugin-vue to handle .vue files.[39m
  Plugin: [35mvite:import-analysis[39m
  File: [36mC:/Users/user/AppData/Roaming/Open Design/namespaces/release-stable-win/data/projects/63a795c4-19ae-4b81-9177-dded77715c62/output/src/App.vue[39m:5:18
[33m  3  |      <transition name="page-fade" mode="out-in">
  4  |        <component :is="Component" :key="route.path" />
  5  |      </transition>
     |                   ^
  6  |    </router-view>
  7  |    <Toast />[39m
      at TransformPluginContext._formatLog (file:///C:/Users/user/AppData/Roaming/Open%20Design/namespaces/release-stable-win/data/projects/63a795c4-19ae-4b81-9177-dded77715c62/output/node_modules/vite/dist/node/chunks/dep-Dm0c1Wj2.js:42658:41)
      at TransformPluginContext.error (file:///C:/Users/user/AppData/Roaming/Open%20Design/namespaces/release-stable-win/data/projects/63a795c4-19ae-4b81-9177-dded77715c62/output/node_modules/vite/dist/node/chunks/dep-Dm0c1Wj2.js:42655:16)
      at TransformPluginContext.transform (file:///C:/Users/user/AppData/Roaming/Open%20Design/namespaces/release-stable-win/data/projects/63a795c4-19ae-4b81-9177-dded77715c62/output/node_modules/vite/dist/node/chunks/dep-Dm0c1Wj2.js:40585:14)
      at async EnvironmentPluginContainer.transform (file:///C:/Users/user/AppData/Roaming/Open%20Design/namespaces/release-stable-win/data/projects/63a795c4-19ae-4b81-9177-dded77715c62/output/node_modules/vite/dist/node/chunks/dep-Dm0c1Wj2.js:42453:18)
      at async loadAndTransform (file:///C:/Users/user/AppData/Roaming/Open%20Design/namespaces/release-stable-win/data/projects/63a795c4-19ae-4b81-9177-dded77715c62/output/node_modules/vite/dist/node/chunks/dep-Dm0c1Wj2.js:35845:27)
      at async viteTransformMiddleware (file:///C:/Users/user/AppData/Roaming/Open%20Design/namespaces/release-stable-win/data/projects/63a795c4-19ae-4b81-9177-dded77715c62/output/node_modules/vite/dist/node/chunks/dep-Dm0c1Wj2.js:37369:24)
[2m20:54:12[22m [31m[1m[vite][22m[39m [31mInternal server error: Failed to resolve import "@/views/generate/GenerateVacancyPage.vue" from "src/router/index.ts". Does the file exist?[39m
  Plugin: [35mvite:import-analysis[39m
  File: [36mC:/Users/user/AppData/Roaming/Open Design/namespaces/release-stable-win/data/projects/63a795c4-19ae-4b81-9177-dded77715c62/output/src/router/index.ts[39m:13:30
[33m  10 |        path: "/generate/vacancy",
  11 |        name: "generate-vacancy",
  12 |        component: () => import("@/views/generate/GenerateVacancyPage.vue")
     |                                ^
  13 |      },
  14 |      {[39m
      at TransformPluginContext._formatLog (file:///C:/Users/user/AppData/Roaming/Open%20Design/namespaces/release-stable-win/data/projects/63a795c4-19ae-4b81-9177-dded77715c62/output/node_modules/vite/dist/node/chunks/dep-Dm0c1Wj2.js:42658:41)
      at TransformPluginContext.error (file:///C:/Users/user/AppData/Roaming/Open%20Design/namespaces/release-stable-win/data/projects/63a795c4-19ae-4b81-9177-dded77715c62/output/node_modules/vite/dist/node/chunks/dep-Dm0c1Wj2.js:42655:16)
      at normalizeUrl (file:///C:/Users/user/AppData/Roaming/Open%20Design/namespaces/release-stable-win/data/projects/63a795c4-19ae-4b81-9177-dded77715c62/output/node_modules/vite/dist/node/chunks/dep-Dm0c1Wj2.js:40634:23)
      at process.processTicksAndRejections (node:internal/process/task_queues:104:5)
      at async file:///C:/Users/user/AppData/Roaming/Open%20Design/namespaces/release-stable-win/data/projects/63a795c4-19ae-4b81-9177-dded77715c62/output/node_modules/vite/dist/node/chunks/dep-Dm0c1Wj2.js:40753:37
      at async Promise.all (index 2)
      at async TransformPluginContext.transform (file:///C:/Users/user/AppData/Roaming/Open%20Design/namespaces/release-stable-win/data/projects/63a795c4-19ae-4b81-9177-dded77715c62/output/node_modules/vite/dist/node/chunks/dep-Dm0c1Wj2.js:40680:7)
      at async EnvironmentPluginContainer.transform (file:///C:/Users/user/AppData/Roaming/Open%20Design/namespaces/release-stable-win/data/projects/63a795c4-19ae-4b81-9177-dded77715c62/output/node_modules/vite/dist/node/chunks/dep-Dm0c1Wj2.js:42453:18)
      at async loadAndTransform (file:///C:/Users/user/AppData/Roaming/Open%20Design/namespaces/release-stable-win/data/projects/63a795c4-19ae-4b81-9177-dded77715c62/output/node_modules/vite/dist/node/chunks/dep-Dm0c1Wj2.js:35845:27)
      at async viteTransformMiddleware (file:///C:/Users/user/AppData/Roaming/Open%20Design/namespaces/release-stable-win/data/projects/63a795c4-19ae-4b81-9177-dded77715c62/output/node_modules/vite/dist/node/chunks/dep-Dm0c1Wj2.js:37369:24)
[2m20:56:14[22m [31m[1m[vite][22m[39m [31mInternal server error: Failed to parse source for import analysis because the content contains invalid JS syntax. Install @vitejs/plugin-vue to handle .vue files.[39m
  Plugin: [35mvite:import-analysis[39m
  File: [36mC:/Users/user/AppData/Roaming/Open Design/namespaces/release-stable-win/data/projects/63a795c4-19ae-4b81-9177-dded77715c62/output/src/App.vue[39m:5:18
[33m  3  |      <transition name="page-fade" mode="out-in">
  4  |        <component :is="Component" :key="route.path" />
  5  |      </transition>
     |                   ^
  6  |    </router-view>
  7  |    <Toast />[39m
      at TransformPluginContext._formatLog (file:///C:/Users/user/AppData/Roaming/Open%20Design/namespaces/release-stable-win/data/projects/63a795c4-19ae-4b81-9177-dded77715c62/output/node_modules/vite/dist/node/chunks/dep-Dm0c1Wj2.js:42658:41)
      at TransformPluginContext.error (file:///C:/Users/user/AppData/Roaming/Open%20Design/namespaces/release-stable-win/data/projects/63a795c4-19ae-4b81-9177-dded77715c62/output/node_modules/vite/dist/node/chunks/dep-Dm0c1Wj2.js:42655:16)
      at TransformPluginContext.transform (file:///C:/Users/user/AppData/Roaming/Open%20Design/namespaces/release-stable-win/data/projects/63a795c4-19ae-4b81-9177-dded77715c62/output/node_modules/vite/dist/node/chunks/dep-Dm0c1Wj2.js:40585:14)
      at async EnvironmentPluginContainer.transform (file:///C:/Users/user/AppData/Roaming/Open%20Design/namespaces/release-stable-win/data/projects/63a795c4-19ae-4b81-9177-dded77715c62/output/node_modules/vite/dist/node/chunks/dep-Dm0c1Wj2.js:42453:18)
      at async loadAndTransform (file:///C:/Users/user/AppData/Roaming/Open%20Design/namespaces/release-stable-win/data/projects/63a795c4-19ae-4b81-9177-dded77715c62/output/node_modules/vite/dist/node/chunks/dep-Dm0c1Wj2.js:35845:27)
      at async viteTransformMiddleware (file:///C:/Users/user/AppData/Roaming/Open%20Design/namespaces/release-stable-win/data/projects/63a795c4-19ae-4b81-9177-dded77715c62/output/node_modules/vite/dist/node/chunks/dep-Dm0c1Wj2.js:37369:24)
[2m20:56:14[22m [31m[1m[vite][22m[39m [31mInternal server error: Failed to resolve import "@/views/generate/GenerateVacancyPage.vue" from "src/router/index.ts". Does the file exist?[39m
  Plugin: [35mvite:import-analysis[39m
  File: [36mC:/Users/user/AppData/Roaming/Open Design/namespaces/release-stable-win/data/projects/63a795c4-19ae-4b81-9177-dded77715c62/output/src/router/index.ts[39m:13:30
[33m  10 |        path: "/generate/vacancy",
  11 |        name: "generate-vacancy",
  12 |        component: () => import("@/views/generate/GenerateVacancyPage.vue")
     |                                ^
  13 |      },
  14 |      {[39m
      at TransformPluginContext._formatLog (file:///C:/Users/user/AppData/Roaming/Open%20Design/namespaces/release-stable-win/data/projects/63a795c4-19ae-4b81-9177-dded77715c62/output/node_modules/vite/dist/node/chunks/dep-Dm0c1Wj2.js:42658:41)
      at TransformPluginContext.error (file:///C:/Users/user/AppData/Roaming/Open%20Design/namespaces/release-stable-win/data/projects/63a795c4-19ae-4b81-9177-dded77715c62/output/node_modules/vite/dist/node/chunks/dep-Dm0c1Wj2.js:42655:16)
      at normalizeUrl (file:///C:/Users/user/AppData/Roaming/Open%20Design/namespaces/release-stable-win/data/projects/63a795c4-19ae-4b81-9177-dded77715c62/output/node_modules/vite/dist/node/chunks/dep-Dm0c1Wj2.js:40634:23)
      at process.processTicksAndRejections (node:internal/process/task_queues:104:5)
      at async file:///C:/Users/user/AppData/Roaming/Open%20Design/namespaces/release-stable-win/data/projects/63a795c4-19ae-4b81-9177-dded77715c62/output/node_modules/vite/dist/node/chunks/dep-Dm0c1Wj2.js:40753:37
      at async Promise.all (index 2)
      at async TransformPluginContext.transform (file:///C:/Users/user/AppData/Roaming/Open%20Design/namespaces/release-stable-win/data/projects/63a795c4-19ae-4b81-9177-dded77715c62/output/node_modules/vite/dist/node/chunks/dep-Dm0c1Wj2.js:40680:7)
      at async EnvironmentPluginContainer.transform (file:///C:/Users/user/AppData/Roaming/Open%20Design/namespaces/release-stable-win/data/projects/63a795c4-19ae-4b81-9177-dded77715c62/output/node_modules/vite/dist/node/chunks/dep-Dm0c1Wj2.js:42453:18)
      at async loadAndTransform (file:///C:/Users/user/AppData/Roaming/Open%20Design/namespaces/release-stable-win/data/projects/63a795c4-19ae-4b81-9177-dded77715c62/output/node_modules/vite/dist/node/chunks/dep-Dm0c1Wj2.js:35845:27)
      at async viteTransformMiddleware (file:///C:/Users/user/AppData/Roaming/Open%20Design/namespaces/release-stable-win/data/projects/63a795c4-19ae-4b81-9177-dded77715c62/output/node_modules/vite/dist/node/chunks/dep-Dm0c1Wj2.js:37369:24)
[2m20:56:22[22m [31m[1m[vite][22m[39m [31mInternal server error: Failed to parse source for import analysis because the content contains invalid JS syntax. Install @vitejs/plugin-vue to handle .vue files.[39m
  Plugin: [35mvite:import-analysis[39m
  File: [36mC:/Users/user/AppData/Roaming/Open Design/namespaces/release-stable-win/data/projects/63a795c4-19ae-4b81-9177-dded77715c62/output/src/App.vue[39m:5:18
[33m  3  |      <transition name="page-fade" mode="out-in">
  4  |        <component :is="Component" :key="route.path" />
  5  |      </transition>
     |                   ^
  6  |    </router-view>
  7  |    <Toast />[39m
      at TransformPluginContext._formatLog (file:///C:/Users/user/AppData/Roaming/Open%20Design/namespaces/release-stable-win/data/projects/63a795c4-19ae-4b81-9177-dded77715c62/output/node_modules/vite/dist/node/chunks/dep-Dm0c1Wj2.js:42658:41)
      at TransformPluginContext.error (file:///C:/Users/user/AppData/Roaming/Open%20Design/namespaces/release-stable-win/data/projects/63a795c4-19ae-4b81-9177-dded77715c62/output/node_modules/vite/dist/node/chunks/dep-Dm0c1Wj2.js:42655:16)
      at TransformPluginContext.transform (file:///C:/Users/user/AppData/Roaming/Open%20Design/namespaces/release-stable-win/data/projects/63a795c4-19ae-4b81-9177-dded77715c62/output/node_modules/vite/dist/node/chunks/dep-Dm0c1Wj2.js:40585:14)
      at async EnvironmentPluginContainer.transform (file:///C:/Users/user/AppData/Roaming/Open%20Design/namespaces/release-stable-win/data/projects/63a795c4-19ae-4b81-9177-dded77715c62/output/node_modules/vite/dist/node/chunks/dep-Dm0c1Wj2.js:42453:18)
      at async loadAndTransform (file:///C:/Users/user/AppData/Roaming/Open%20Design/namespaces/release-stable-win/data/projects/63a795c4-19ae-4b81-9177-dded77715c62/output/node_modules/vite/dist/node/chunks/dep-Dm0c1Wj2.js:35845:27)
      at async viteTransformMiddleware (file:///C:/Users/user/AppData/Roaming/Open%20Design/namespaces/release-stable-win/data/projects/63a795c4-19ae-4b81-9177-dded77715c62/output/node_modules/vite/dist/node/chunks/dep-Dm0c1Wj2.js:37369:24)
[2m20:56:22[22m [31m[1m[vite][22m[39m [31mInternal server error: Failed to resolve import "@/views/generate/GenerateVacancyPage.vue" from "src/router/index.ts". Does the file exist?[39m
  Plugin: [35mvite:import-analysis[39m
  File: [36mC:/Users/user/AppData/Roaming/Open Design/namespaces/release-stable-win/data/projects/63a795c4-19ae-4b81-9177-dded77715c62/output/src/router/index.ts[39m:13:30
[33m  10 |        path: "/generate/vacancy",
  11 |        name: "generate-vacancy",
  12 |        component: () => import("@/views/generate/GenerateVacancyPage.vue")
     |                                ^
  13 |      },
  14 |      {[39m
      at TransformPluginContext._formatLog (file:///C:/Users/user/AppData/Roaming/Open%20Design/namespaces/release-stable-win/data/projects/63a795c4-19ae-4b81-9177-dded77715c62/output/node_modules/vite/dist/node/chunks/dep-Dm0c1Wj2.js:42658:41)
      at TransformPluginContext.error (file:///C:/Users/user/AppData/Roaming/Open%20Design/namespaces/release-stable-win/data/projects/63a795c4-19ae-4b81-9177-dded77715c62/output/node_modules/vite/dist/node/chunks/dep-Dm0c1Wj2.js:42655:16)
      at normalizeUrl (file:///C:/Users/user/AppData/Roaming/Open%20Design/namespaces/release-stable-win/data/projects/63a795c4-19ae-4b81-9177-dded77715c62/output/node_modules/vite/dist/node/chunks/dep-Dm0c1Wj2.js:40634:23)
      at process.processTicksAndRejections (node:internal/process/task_queues:104:5)
      at async file:///C:/Users/user/AppData/Roaming/Open%20Design/namespaces/release-stable-win/data/projects/63a795c4-19ae-4b81-9177-dded77715c62/output/node_modules/vite/dist/node/chunks/dep-Dm0c1Wj2.js:40753:37
      at async Promise.all (index 2)
      at async TransformPluginContext.transform (file:///C:/Users/user/AppData/Roaming/Open%20Design/namespaces/release-stable-win/data/projects/63a795c4-19ae-4b81-9177-dded77715c62/output/node_modules/vite/dist/node/chunks/dep-Dm0c1Wj2.js:40680:7)
      at async EnvironmentPluginContainer.transform (file:///C:/Users/user/AppData/Roaming/Open%20Design/namespaces/release-stable-win/data/projects/63a795c4-19ae-4b81-9177-dded77715c62/output/node_modules/vite/dist/node/chunks/dep-Dm0c1Wj2.js:42453:18)
      at async loadAndTransform (file:///C:/Users/user/AppData/Roaming/Open%20Design/namespaces/release-stable-win/data/projects/63a795c4-19ae-4b81-9177-dded77715c62/output/node_modules/vite/dist/node/chunks/dep-Dm0c1Wj2.js:35845:27)
      at async viteTransformMiddleware (file:///C:/Users/user/AppData/Roaming/Open%20Design/namespaces/release-stable-win/data/projects/63a795c4-19ae-4b81-9177-dded77715c62/output/node_modules/vite/dist/node/chunks/dep-Dm0c1Wj2.js:37369:24)
[2m21:47:58[22m [31m[1m[vite][22m[39m [31m[2m(client)[22m[39m Pre-transform error: Failed to parse source for import analysis because the content contains invalid JS syntax. Install @vitejs/plugin-vue to handle .vue files.
  Plugin: [35mvite:import-analysis[39m
  File: [36mC:/Users/user/AppData/Roaming/Open Design/namespaces/release-stable-win/data/projects/63a795c4-19ae-4b81-9177-dded77715c62/output/src/App.vue[39m:5:18
[33m  3  |      <transition name="page-fade" mode="out-in">
  4  |        <component :is="Component" :key="route.path" />
  5  |      </transition>
     |                   ^
  6  |    </router-view>
  7  |    <Toast />[39m
[2m21:47:58[22m [31m[1m[vite][22m[39m [31m[2m(client)[22m[39m Pre-transform error: Failed to resolve import "@/views/generate/GenerateVacancyPage.vue" from "src/router/index.ts". Does the file exist?
  Plugin: [35mvite:import-analysis[39m
  File: [36mC:/Users/user/AppData/Roaming/Open Design/namespaces/release-stable-win/data/projects/63a795c4-19ae-4b81-9177-dded77715c62/output/src/router/index.ts[39m:13:30
[33m  10 |        path: "/generate/vacancy",
  11 |        name: "generate-vacancy",
  12 |        component: () => import("@/views/generate/GenerateVacancyPage.vue")
     |                                ^
  13 |      },
  14 |      {[39m
[2m21:47:58[22m [31m[1m[vite][22m[39m [31mInternal server error: Failed to resolve import "@/views/generate/GenerateVacancyPage.vue" from "src/router/index.ts". Does the file exist?[39m
  Plugin: [35mvite:import-analysis[39m
  File: [36mC:/Users/user/AppData/Roaming/Open Design/namespaces/release-stable-win/data/projects/63a795c4-19ae-4b81-9177-dded77715c62/output/src/router/index.ts[39m:13:30
[33m  10 |        path: "/generate/vacancy",
  11 |        name: "generate-vacancy",
  12 |        component: () => import("@/views/generate/GenerateVacancyPage.vue")
     |                                ^
  13 |      },
  14 |      {[39m
      at TransformPluginContext._formatLog (file:///C:/Users/user/AppData/Roaming/Open%20Design/namespaces/release-stable-win/data/projects/63a795c4-19ae-4b81-9177-dded77715c62/output/node_modules/vite/dist/node/chunks/dep-Dm0c1Wj2.js:42658:41)
      at TransformPluginContext.error (file:///C:/Users/user/AppData/Roaming/Open%20Design/namespaces/release-stable-win/data/projects/63a795c4-19ae-4b81-9177-dded77715c62/output/node_modules/vite/dist/node/chunks/dep-Dm0c1Wj2.js:42655:16)
      at normalizeUrl (file:///C:/Users/user/AppData/Roaming/Open%20Design/namespaces/release-stable-win/data/projects/63a795c4-19ae-4b81-9177-dded77715c62/output/node_modules/vite/dist/node/chunks/dep-Dm0c1Wj2.js:40634:23)
      at process.processTicksAndRejections (node:internal/process/task_queues:104:5)
      at async file:///C:/Users/user/AppData/Roaming/Open%20Design/namespaces/release-stable-win/data/projects/63a795c4-19ae-4b81-9177-dded77715c62/output/node_modules/vite/dist/node/chunks/dep-Dm0c1Wj2.js:40753:37
      at async Promise.all (index 2)
      at async TransformPluginContext.transform (file:///C:/Users/user/AppData/Roaming/Open%20Design/namespaces/release-stable-win/data/projects/63a795c4-19ae-4b81-9177-dded77715c62/output/node_modules/vite/dist/node/chunks/dep-Dm0c1Wj2.js:40680:7)
      at async EnvironmentPluginContainer.transform (file:///C:/Users/user/AppData/Roaming/Open%20Design/namespaces/release-stable-win/data/projects/63a795c4-19ae-4b81-9177-dded77715c62/output/node_modules/vite/dist/node/chunks/dep-Dm0c1Wj2.js:42453:18)
      at async loadAndTransform (file:///C:/Users/user/AppData/Roaming/Open%20Design/namespaces/release-stable-win/data/projects/63a795c4-19ae-4b81-9177-dded77715c62/output/node_modules/vite/dist/node/chunks/dep-Dm0c1Wj2.js:35845:27)
      at async viteTransformMiddleware (file:///C:/Users/user/AppData/Roaming/Open%20Design/namespaces/release-stable-win/data/projects/63a795c4-19ae-4b81-9177-dded77715c62/output/node_modules/vite/dist/node/chunks/dep-Dm0c1Wj2.js:37369:24)
[2m21:47:58[22m [31m[1m[vite][22m[39m [31mInternal server error: Failed to parse source for import analysis because the content contains invalid JS syntax. Install @vitejs/plugin-vue to handle .vue files.[39m
  Plugin: [35mvite:import-analysis[39m
  File: [36mC:/Users/user/AppData/Roaming/Open Design/namespaces/release-stable-win/data/projects/63a795c4-19ae-4b81-9177-dded77715c62/output/src/App.vue[39m:5:18
[33m  3  |      <transition name="page-fade" mode="out-in">
  4  |        <component :is="Component" :key="route.path" />
  5  |      </transition>
     |                   ^
  6  |    </router-view>
  7  |    <Toast />[39m
      at TransformPluginContext._formatLog (file:///C:/Users/user/AppData/Roaming/Open%20Design/namespaces/release-stable-win/data/projects/63a795c4-19ae-4b81-9177-dded77715c62/output/node_modules/vite/dist/node/chunks/dep-Dm0c1Wj2.js:42658:41)
      at TransformPluginContext.error (file:///C:/Users/user/AppData/Roaming/Open%20Design/namespaces/release-stable-win/data/projects/63a795c4-19ae-4b81-9177-dded77715c62/output/node_modules/vite/dist/node/chunks/dep-Dm0c1Wj2.js:42655:16)
      at TransformPluginContext.transform (file:///C:/Users/user/AppData/Roaming/Open%20Design/namespaces/release-stable-win/data/projects/63a795c4-19ae-4b81-9177-dded77715c62/output/node_modules/vite/dist/node/chunks/dep-Dm0c1Wj2.js:40585:14)
      at async EnvironmentPluginContainer.transform (file:///C:/Users/user/AppData/Roaming/Open%20Design/namespaces/release-stable-win/data/projects/63a795c4-19ae-4b81-9177-dded77715c62/output/node_modules/vite/dist/node/chunks/dep-Dm0c1Wj2.js:42453:18)
      at async loadAndTransform (file:///C:/Users/user/AppData/Roaming/Open%20Design/namespaces/release-stable-win/data/projects/63a795c4-19ae-4b81-9177-dded77715c62/output/node_modules/vite/dist/node/chunks/dep-Dm0c1Wj2.js:35845:27)
      at async viteTransformMiddleware (file:///C:/Users/user/AppData/Roaming/Open%20Design/namespaces/release-stable-win/data/projects/63a795c4-19ae-4b81-9177-dded77715c62/output/node_modules/vite/dist/node/chunks/dep-Dm0c1Wj2.js:37369:24)
[2m21:48:02[22m [31m[1m[vite][22m[39m [31m[2m(client)[22m[39m Pre-transform error: Failed to parse source for import analysis because the content contains invalid JS syntax. Install @vitejs/plugin-vue to handle .vue files.
  Plugin: [35mvite:import-analysis[39m
  File: [36mC:/Users/user/AppData/Roaming/Open Design/namespaces/release-stable-win/data/projects/63a795c4-19ae-4b81-9177-dded77715c62/output/src/App.vue[39m:5:18
[33m  3  |      <transition name="page-fade" mode="out-in">
  4  |        <component :is="Component" :key="route.path" />
  5  |      </transition>
     |                   ^
  6  |    </router-view>
  7  |    <Toast />[39m
[2m21:48:03[22m [31m[1m[vite][22m[39m [31m[2m(client)[22m[39m Pre-transform error: Failed to resolve import "@/views/generate/GenerateVacancyPage.vue" from "src/router/index.ts". Does the file exist?
  Plugin: [35mvite:import-analysis[39m
  File: [36mC:/Users/user/AppData/Roaming/Open Design/namespaces/release-stable-win/data/projects/63a795c4-19ae-4b81-9177-dded77715c62/output/src/router/index.ts[39m:13:30
[33m  10 |        path: "/generate/vacancy",
  11 |        name: "generate-vacancy",
  12 |        component: () => import("@/views/generate/GenerateVacancyPage.vue")
     |                                ^
  13 |      },
  14 |      {[39m
[2m21:48:03[22m [31m[1m[vite][22m[39m [31mInternal server error: Failed to parse source for import analysis because the content contains invalid JS syntax. Install @vitejs/plugin-vue to handle .vue files.[39m
  Plugin: [35mvite:import-analysis[39m
  File: [36mC:/Users/user/AppData/Roaming/Open Design/namespaces/release-stable-win/data/projects/63a795c4-19ae-4b81-9177-dded77715c62/output/src/App.vue[39m:5:18
[33m  3  |      <transition name="page-fade" mode="out-in">
  4  |        <component :is="Component" :key="route.path" />
  5  |      </transition>
     |                   ^
  6  |    </router-view>
  7  |    <Toast />[39m
      at TransformPluginContext._formatLog (file:///C:/Users/user/AppData/Roaming/Open%20Design/namespaces/release-stable-win/data/projects/63a795c4-19ae-4b81-9177-dded77715c62/output/node_modules/vite/dist/node/chunks/dep-Dm0c1Wj2.js:42658:41)
      at TransformPluginContext.error (file:///C:/Users/user/AppData/Roaming/Open%20Design/namespaces/release-stable-win/data/projects/63a795c4-19ae-4b81-9177-dded77715c62/output/node_modules/vite/dist/node/chunks/dep-Dm0c1Wj2.js:42655:16)
      at TransformPluginContext.transform (file:///C:/Users/user/AppData/Roaming/Open%20Design/namespaces/release-stable-win/data/projects/63a795c4-19ae-4b81-9177-dded77715c62/output/node_modules/vite/dist/node/chunks/dep-Dm0c1Wj2.js:40585:14)
      at async EnvironmentPluginContainer.transform (file:///C:/Users/user/AppData/Roaming/Open%20Design/namespaces/release-stable-win/data/projects/63a795c4-19ae-4b81-9177-dded77715c62/output/node_modules/vite/dist/node/chunks/dep-Dm0c1Wj2.js:42453:18)
      at async loadAndTransform (file:///C:/Users/user/AppData/Roaming/Open%20Design/namespaces/release-stable-win/data/projects/63a795c4-19ae-4b81-9177-dded77715c62/output/node_modules/vite/dist/node/chunks/dep-Dm0c1Wj2.js:35845:27)
      at async viteTransformMiddleware (file:///C:/Users/user/AppData/Roaming/Open%20Design/namespaces/release-stable-win/data/projects/63a795c4-19ae-4b81-9177-dded77715c62/output/node_modules/vite/dist/node/chunks/dep-Dm0c1Wj2.js:37369:24)
[2m21:48:03[22m [31m[1m[vite][22m[39m [31mInternal server error: Failed to resolve import "@/views/generate/GenerateVacancyPage.vue" from "src/router/index.ts". Does the file exist?[39m
  Plugin: [35mvite:import-analysis[39m
  File: [36mC:/Users/user/AppData/Roaming/Open Design/namespaces/release-stable-win/data/projects/63a795c4-19ae-4b81-9177-dded77715c62/output/src/router/index.ts[39m:13:30
[33m  10 |        path: "/generate/vacancy",
  11 |        name: "generate-vacancy",
  12 |        component: () => import("@/views/generate/GenerateVacancyPage.vue")
     |                                ^
  13 |      },
  14 |      {[39m
      at TransformPluginContext._formatLog (file:///C:/Users/user/AppData/Roaming/Open%20Design/namespaces/release-stable-win/data/projects/63a795c4-19ae-4b81-9177-dded77715c62/output/node_modules/vite/dist/node/chunks/dep-Dm0c1Wj2.js:42658:41)
      at TransformPluginContext.error (file:///C:/Users/user/AppData/Roaming/Open%20Design/namespaces/release-stable-win/data/projects/63a795c4-19ae-4b81-9177-dded77715c62/output/node_modules/vite/dist/node/chunks/dep-Dm0c1Wj2.js:42655:16)
      at normalizeUrl (file:///C:/Users/user/AppData/Roaming/Open%20Design/namespaces/release-stable-win/data/projects/63a795c4-19ae-4b81-9177-dded77715c62/output/node_modules/vite/dist/node/chunks/dep-Dm0c1Wj2.js:40634:23)
      at process.processTicksAndRejections (node:internal/process/task_queues:104:5)
      at async file:///C:/Users/user/AppData/Roaming/Open%20Design/namespaces/release-stable-win/data/projects/63a795c4-19ae-4b81-9177-dded77715c62/output/node_modules/vite/dist/node/chunks/dep-Dm0c1Wj2.js:40753:37
      at async Promise.all (index 2)
      at async TransformPluginContext.transform (file:///C:/Users/user/AppData/Roaming/Open%20Design/namespaces/release-stable-win/data/projects/63a795c4-19ae-4b81-9177-dded77715c62/output/node_modules/vite/dist/node/chunks/dep-Dm0c1Wj2.js:40680:7)
      at async EnvironmentPluginContainer.transform (file:///C:/Users/user/AppData/Roaming/Open%20Design/namespaces/release-stable-win/data/projects/63a795c4-19ae-4b81-9177-dded77715c62/output/node_modules/vite/dist/node/chunks/dep-Dm0c1Wj2.js:42453:18)
      at async loadAndTransform (file:///C:/Users/user/AppData/Roaming/Open%20Design/namespaces/release-stable-win/data/projects/63a795c4-19ae-4b81-9177-dded77715c62/output/node_modules/vite/dist/node/chunks/dep-Dm0c1Wj2.js:35845:27)
      at async viteTransformMiddleware (file:///C:/Users/user/AppData/Roaming/Open%20Design/namespaces/release-stable-win/data/projects/63a795c4-19ae-4b81-9177-dded77715c62/output/node_modules/vite/dist/node/chunks/dep-Dm0c1Wj2.js:37369:24)
[2m21:48:07[22m [31m[1m[vite][22m[39m [31m[2m(client)[22m[39m Pre-transform error: Failed to parse source for import analysis because the content contains invalid JS syntax. Install @vitejs/plugin-vue to handle .vue files.
  Plugin: [35mvite:import-analysis[39m
  File: [36mC:/Users/user/AppData/Roaming/Open Design/namespaces/release-stable-win/data/projects/63a795c4-19ae-4b81-9177-dded77715c62/output/src/App.vue[39m:5:18
[33m  3  |      <transition name="page-fade" mode="out-in">
  4  |        <component :is="Component" :key="route.path" />
  5  |      </transition>
     |                   ^
  6  |    </router-view>
  7  |    <Toast />[39m
[2m21:48:08[22m [31m[1m[vite][22m[39m [31m[2m(client)[22m[39m Pre-transform error: Failed to resolve import "@/views/generate/GenerateVacancyPage.vue" from "src/router/index.ts". Does the file exist?
  Plugin: [35mvite:import-analysis[39m
  File: [36mC:/Users/user/AppData/Roaming/Open Design/namespaces/release-stable-win/data/projects/63a795c4-19ae-4b81-9177-dded77715c62/output/src/router/index.ts[39m:13:30
[33m  10 |        path: "/generate/vacancy",
  11 |        name: "generate-vacancy",
  12 |        component: () => import("@/views/generate/GenerateVacancyPage.vue")
     |                                ^
  13 |      },
  14 |      {[39m
[2m21:48:08[22m [31m[1m[vite][22m[39m [31mInternal server error: Failed to resolve import "@/views/generate/GenerateVacancyPage.vue" from "src/router/index.ts". Does the file exist?[39m
  Plugin: [35mvite:import-analysis[39m
  File: [36mC:/Users/user/AppData/Roaming/Open Design/namespaces/release-stable-win/data/projects/63a795c4-19ae-4b81-9177-dded77715c62/output/src/router/index.ts[39m:13:30
[33m  10 |        path: "/generate/vacancy",
  11 |        name: "generate-vacancy",
  12 |        component: () => import("@/views/generate/GenerateVacancyPage.vue")
     |                                ^
  13 |      },
  14 |      {[39m
      at TransformPluginContext._formatLog (file:///C:/Users/user/AppData/Roaming/Open%20Design/namespaces/release-stable-win/data/projects/63a795c4-19ae-4b81-9177-dded77715c62/output/node_modules/vite/dist/node/chunks/dep-Dm0c1Wj2.js:42658:41)
      at TransformPluginContext.error (file:///C:/Users/user/AppData/Roaming/Open%20Design/namespaces/release-stable-win/data/projects/63a795c4-19ae-4b81-9177-dded77715c62/output/node_modules/vite/dist/node/chunks/dep-Dm0c1Wj2.js:42655:16)
      at normalizeUrl (file:///C:/Users/user/AppData/Roaming/Open%20Design/namespaces/release-stable-win/data/projects/63a795c4-19ae-4b81-9177-dded77715c62/output/node_modules/vite/dist/node/chunks/dep-Dm0c1Wj2.js:40634:23)
      at process.processTicksAndRejections (node:internal/process/task_queues:104:5)
      at async file:///C:/Users/user/AppData/Roaming/Open%20Design/namespaces/release-stable-win/data/projects/63a795c4-19ae-4b81-9177-dded77715c62/output/node_modules/vite/dist/node/chunks/dep-Dm0c1Wj2.js:40753:37
      at async Promise.all (index 2)
      at async TransformPluginContext.transform (file:///C:/Users/user/AppData/Roaming/Open%20Design/namespaces/release-stable-win/data/projects/63a795c4-19ae-4b81-9177-dded77715c62/output/node_modules/vite/dist/node/chunks/dep-Dm0c1Wj2.js:40680:7)
      at async EnvironmentPluginContainer.transform (file:///C:/Users/user/AppData/Roaming/Open%20Design/namespaces/release-stable-win/data/projects/63a795c4-19ae-4b81-9177-dded77715c62/output/node_modules/vite/dist/node/chunks/dep-Dm0c1Wj2.js:42453:18)
      at async loadAndTransform (file:///C:/Users/user/AppData/Roaming/Open%20Design/namespaces/release-stable-win/data/projects/63a795c4-19ae-4b81-9177-dded77715c62/output/node_modules/vite/dist/node/chunks/dep-Dm0c1Wj2.js:35845:27)
      at async viteTransformMiddleware (file:///C:/Users/user/AppData/Roaming/Open%20Design/namespaces/release-stable-win/data/projects/63a795c4-19ae-4b81-9177-dded77715c62/output/node_modules/vite/dist/node/chunks/dep-Dm0c1Wj2.js:37369:24)
[2m21:48:08[22m [31m[1m[vite][22m[39m [31mInternal server error: Failed to parse source for import analysis because the content contains invalid JS syntax. Install @vitejs/plugin-vue to handle .vue files.[39m
  Plugin: [35mvite:import-analysis[39m
  File: [36mC:/Users/user/AppData/Roaming/Open Design/namespaces/release-stable-win/data/projects/63a795c4-19ae-4b81-9177-dded77715c62/output/src/App.vue[39m:5:18
[33m  3  |      <transition name="page-fade" mode="out-in">
  4  |        <component :is="Component" :key="route.path" />
  5  |      </transition>
     |                   ^
  6  |    </router-view>
  7  |    <Toast />[39m
      at TransformPluginContext._formatLog (file:///C:/Users/user/AppData/Roaming/Open%20Design/namespaces/release-stable-win/data/projects/63a795c4-19ae-4b81-9177-dded77715c62/output/node_modules/vite/dist/node/chunks/dep-Dm0c1Wj2.js:42658:41)
      at TransformPluginContext.error (file:///C:/Users/user/AppData/Roaming/Open%20Design/namespaces/release-stable-win/data/projects/63a795c4-19ae-4b81-9177-dded77715c62/output/node_modules/vite/dist/node/chunks/dep-Dm0c1Wj2.js:42655:16)
      at TransformPluginContext.transform (file:///C:/Users/user/AppData/Roaming/Open%20Design/namespaces/release-stable-win/data/projects/63a795c4-19ae-4b81-9177-dded77715c62/output/node_modules/vite/dist/node/chunks/dep-Dm0c1Wj2.js:40585:14)
      at async EnvironmentPluginContainer.transform (file:///C:/Users/user/AppData/Roaming/Open%20Design/namespaces/release-stable-win/data/projects/63a795c4-19ae-4b81-9177-dded77715c62/output/node_modules/vite/dist/node/chunks/dep-Dm0c1Wj2.js:42453:18)
      at async loadAndTransform (file:///C:/Users/user/AppData/Roaming/Open%20Design/namespaces/release-stable-win/data/projects/63a795c4-19ae-4b81-9177-dded77715c62/output/node_modules/vite/dist/node/chunks/dep-Dm0c1Wj2.js:35845:27)
      at async viteTransformMiddleware (file:///C:/Users/user/AppData/Roaming/Open%20Design/namespaces/release-stable-win/data/projects/63a795c4-19ae-4b81-9177-dded77715c62/output/node_modules/vite/dist/node/chunks/dep-Dm0c1Wj2.js:37369:24)
[2m21:48:11[22m [31m[1m[vite][22m[39m [31m[2m(client)[22m[39m Pre-transform error: Failed to parse source for import analysis because the content contains invalid JS syntax. Install @vitejs/plugin-vue to handle .vue files.
  Plugin: [35mvite:import-analysis[39m
  File: [36mC:/Users/user/AppData/Roaming/Open Design/namespaces/release-stable-win/data/projects/63a795c4-19ae-4b81-9177-dded77715c62/output/src/App.vue[39m:5:18
[33m  3  |      <transition name="page-fade" mode="out-in">
  4  |        <component :is="Component" :key="route.path" />
  5  |      </transition>
     |                   ^
  6  |    </router-view>
  7  |    <Toast />[39m
[2m21:48:12[22m [31m[1m[vite][22m[39m [31m[2m(client)[22m[39m Pre-transform error: Failed to resolve import "@/views/generate/GenerateVacancyPage.vue" from "src/router/index.ts". Does the file exist?
  Plugin: [35mvite:import-analysis[39m
  File: [36mC:/Users/user/AppData/Roaming/Open Design/namespaces/release-stable-win/data/projects/63a795c4-19ae-4b81-9177-dded77715c62/output/src/router/index.ts[39m:13:30
[33m  10 |        path: "/generate/vacancy",
  11 |        name: "generate-vacancy",
  12 |        component: () => import("@/views/generate/GenerateVacancyPage.vue")
     |                                ^
  13 |      },
  14 |      {[39m
[2m21:48:12[22m [31m[1m[vite][22m[39m [31mInternal server error: Failed to resolve import "@/views/generate/GenerateVacancyPage.vue" from "src/router/index.ts". Does the file exist?[39m
  Plugin: [35mvite:import-analysis[39m
  File: [36mC:/Users/user/AppData/Roaming/Open Design/namespaces/release-stable-win/data/projects/63a795c4-19ae-4b81-9177-dded77715c62/output/src/router/index.ts[39m:13:30
[33m  10 |        path: "/generate/vacancy",
  11 |        name: "generate-vacancy",
  12 |        component: () => import("@/views/generate/GenerateVacancyPage.vue")
     |                                ^
  13 |      },
  14 |      {[39m
      at TransformPluginContext._formatLog (file:///C:/Users/user/AppData/Roaming/Open%20Design/namespaces/release-stable-win/data/projects/63a795c4-19ae-4b81-9177-dded77715c62/output/node_modules/vite/dist/node/chunks/dep-Dm0c1Wj2.js:42658:41)
      at TransformPluginContext.error (file:///C:/Users/user/AppData/Roaming/Open%20Design/namespaces/release-stable-win/data/projects/63a795c4-19ae-4b81-9177-dded77715c62/output/node_modules/vite/dist/node/chunks/dep-Dm0c1Wj2.js:42655:16)
      at normalizeUrl (file:///C:/Users/user/AppData/Roaming/Open%20Design/namespaces/release-stable-win/data/projects/63a795c4-19ae-4b81-9177-dded77715c62/output/node_modules/vite/dist/node/chunks/dep-Dm0c1Wj2.js:40634:23)
      at process.processTicksAndRejections (node:internal/process/task_queues:104:5)
      at async file:///C:/Users/user/AppData/Roaming/Open%20Design/namespaces/release-stable-win/data/projects/63a795c4-19ae-4b81-9177-dded77715c62/output/node_modules/vite/dist/node/chunks/dep-Dm0c1Wj2.js:40753:37
      at async Promise.all (index 2)
      at async TransformPluginContext.transform (file:///C:/Users/user/AppData/Roaming/Open%20Design/namespaces/release-stable-win/data/projects/63a795c4-19ae-4b81-9177-dded77715c62/output/node_modules/vite/dist/node/chunks/dep-Dm0c1Wj2.js:40680:7)
      at async EnvironmentPluginContainer.transform (file:///C:/Users/user/AppData/Roaming/Open%20Design/namespaces/release-stable-win/data/projects/63a795c4-19ae-4b81-9177-dded77715c62/output/node_modules/vite/dist/node/chunks/dep-Dm0c1Wj2.js:42453:18)
      at async loadAndTransform (file:///C:/Users/user/AppData/Roaming/Open%20Design/namespaces/release-stable-win/data/projects/63a795c4-19ae-4b81-9177-dded77715c62/output/node_modules/vite/dist/node/chunks/dep-Dm0c1Wj2.js:35845:27)
      at async viteTransformMiddleware (file:///C:/Users/user/AppData/Roaming/Open%20Design/namespaces/release-stable-win/data/projects/63a795c4-19ae-4b81-9177-dded77715c62/output/node_modules/vite/dist/node/chunks/dep-Dm0c1Wj2.js:37369:24)
[2m21:48:12[22m [31m[1m[vite][22m[39m [31mInternal server error: Failed to parse source for import analysis because the content contains invalid JS syntax. Install @vitejs/plugin-vue to handle .vue files.[39m
  Plugin: [35mvite:import-analysis[39m
  File: [36mC:/Users/user/AppData/Roaming/Open Design/namespaces/release-stable-win/data/projects/63a795c4-19ae-4b81-9177-dded77715c62/output/src/App.vue[39m:5:18
[33m  3  |      <transition name="page-fade" mode="out-in">
  4  |        <component :is="Component" :key="route.path" />
  5  |      </transition>
     |                   ^
  6  |    </router-view>
  7  |    <Toast />[39m
      at TransformPluginContext._formatLog (file:///C:/Users/user/AppData/Roaming/Open%20Design/namespaces/release-stable-win/data/projects/63a795c4-19ae-4b81-9177-dded77715c62/output/node_modules/vite/dist/node/chunks/dep-Dm0c1Wj2.js:42658:41)
      at TransformPluginContext.error (file:///C:/Users/user/AppData/Roaming/Open%20Design/namespaces/release-stable-win/data/projects/63a795c4-19ae-4b81-9177-dded77715c62/output/node_modules/vite/dist/node/chunks/dep-Dm0c1Wj2.js:42655:16)
      at TransformPluginContext.transform (file:///C:/Users/user/AppData/Roaming/Open%20Design/namespaces/release-stable-win/data/projects/63a795c4-19ae-4b81-9177-dded77715c62/output/node_modules/vite/dist/node/chunks/dep-Dm0c1Wj2.js:40585:14)
      at async EnvironmentPluginContainer.transform (file:///C:/Users/user/AppData/Roaming/Open%20Design/namespaces/release-stable-win/data/projects/63a795c4-19ae-4b81-9177-dded77715c62/output/node_modules/vite/dist/node/chunks/dep-Dm0c1Wj2.js:42453:18)
      at async loadAndTransform (file:///C:/Users/user/AppData/Roaming/Open%20Design/namespaces/release-stable-win/data/projects/63a795c4-19ae-4b81-9177-dded77715c62/output/node_modules/vite/dist/node/chunks/dep-Dm0c1Wj2.js:35845:27)
      at async viteTransformMiddleware (file:///C:/Users/user/AppData/Roaming/Open%20Design/namespaces/release-stable-win/data/projects/63a795c4-19ae-4b81-9177-dded77715c62/output/node_modules/vite/dist/node/chunks/dep-Dm0c1Wj2.js:37369:24)
[2m21:48:17[22m [31m[1m[vite][22m[39m [31m[2m(client)[22m[39m Pre-transform error: Failed to parse source for import analysis because the content contains invalid JS syntax. Install @vitejs/plugin-vue to handle .vue files.
  Plugin: [35mvite:import-analysis[39m
  File: [36mC:/Users/user/AppData/Roaming/Open Design/namespaces/release-stable-win/data/projects/63a795c4-19ae-4b81-9177-dded77715c62/output/src/App.vue[39m:5:18
[33m  3  |      <transition name="page-fade" mode="out-in">
  4  |        <component :is="Component" :key="route.path" />
  5  |      </transition>
     |                   ^
  6  |    </router-view>
  7  |    <Toast />[39m
[2m21:48:17[22m [31m[1m[vite][22m[39m [31m[2m(client)[22m[39m Pre-transform error: Failed to resolve import "@/views/generate/GenerateVacancyPage.vue" from "src/router/index.ts". Does the file exist?
  Plugin: [35mvite:import-analysis[39m
  File: [36mC:/Users/user/AppData/Roaming/Open Design/namespaces/release-stable-win/data/projects/63a795c4-19ae-4b81-9177-dded77715c62/output/src/router/index.ts[39m:13:30
[33m  10 |        path: "/generate/vacancy",
  11 |        name: "generate-vacancy",
  12 |        component: () => import("@/views/generate/GenerateVacancyPage.vue")
     |                                ^
  13 |      },
  14 |      {[39m
[2m21:48:18[22m [31m[1m[vite][22m[39m [31mInternal server error: Failed to resolve import "@/views/generate/GenerateVacancyPage.vue" from "src/router/index.ts". Does the file exist?[39m
  Plugin: [35mvite:import-analysis[39m
  File: [36mC:/Users/user/AppData/Roaming/Open Design/namespaces/release-stable-win/data/projects/63a795c4-19ae-4b81-9177-dded77715c62/output/src/router/index.ts[39m:13:30
[33m  10 |        path: "/generate/vacancy",
  11 |        name: "generate-vacancy",
  12 |        component: () => import("@/views/generate/GenerateVacancyPage.vue")
     |                                ^
  13 |      },
  14 |      {[39m
      at TransformPluginContext._formatLog (file:///C:/Users/user/AppData/Roaming/Open%20Design/namespaces/release-stable-win/data/projects/63a795c4-19ae-4b81-9177-dded77715c62/output/node_modules/vite/dist/node/chunks/dep-Dm0c1Wj2.js:42658:41)
      at TransformPluginContext.error (file:///C:/Users/user/AppData/Roaming/Open%20Design/namespaces/release-stable-win/data/projects/63a795c4-19ae-4b81-9177-dded77715c62/output/node_modules/vite/dist/node/chunks/dep-Dm0c1Wj2.js:42655:16)
      at normalizeUrl (file:///C:/Users/user/AppData/Roaming/Open%20Design/namespaces/release-stable-win/data/projects/63a795c4-19ae-4b81-9177-dded77715c62/output/node_modules/vite/dist/node/chunks/dep-Dm0c1Wj2.js:40634:23)
      at process.processTicksAndRejections (node:internal/process/task_queues:104:5)
      at async file:///C:/Users/user/AppData/Roaming/Open%20Design/namespaces/release-stable-win/data/projects/63a795c4-19ae-4b81-9177-dded77715c62/output/node_modules/vite/dist/node/chunks/dep-Dm0c1Wj2.js:40753:37
      at async Promise.all (index 2)
      at async TransformPluginContext.transform (file:///C:/Users/user/AppData/Roaming/Open%20Design/namespaces/release-stable-win/data/projects/63a795c4-19ae-4b81-9177-dded77715c62/output/node_modules/vite/dist/node/chunks/dep-Dm0c1Wj2.js:40680:7)
      at async EnvironmentPluginContainer.transform (file:///C:/Users/user/AppData/Roaming/Open%20Design/namespaces/release-stable-win/data/projects/63a795c4-19ae-4b81-9177-dded77715c62/output/node_modules/vite/dist/node/chunks/dep-Dm0c1Wj2.js:42453:18)
      at async loadAndTransform (file:///C:/Users/user/AppData/Roaming/Open%20Design/namespaces/release-stable-win/data/projects/63a795c4-19ae-4b81-9177-dded77715c62/output/node_modules/vite/dist/node/chunks/dep-Dm0c1Wj2.js:35845:27)
      at async viteTransformMiddleware (file:///C:/Users/user/AppData/Roaming/Open%20Design/namespaces/release-stable-win/data/projects/63a795c4-19ae-4b81-9177-dded77715c62/output/node_modules/vite/dist/node/chunks/dep-Dm0c1Wj2.js:37369:24)
[2m21:48:18[22m [31m[1m[vite][22m[39m [31mInternal server error: Failed to parse source for import analysis because the content contains invalid JS syntax. Install @vitejs/plugin-vue to handle .vue files.[39m
  Plugin: [35mvite:import-analysis[39m
  File: [36mC:/Users/user/AppData/Roaming/Open Design/namespaces/release-stable-win/data/projects/63a795c4-19ae-4b81-9177-dded77715c62/output/src/App.vue[39m:5:18
[33m  3  |      <transition name="page-fade" mode="out-in">
  4  |        <component :is="Component" :key="route.path" />
  5  |      </transition>
     |                   ^
  6  |    </router-view>
  7  |    <Toast />[39m
      at TransformPluginContext._formatLog (file:///C:/Users/user/AppData/Roaming/Open%20Design/namespaces/release-stable-win/data/projects/63a795c4-19ae-4b81-9177-dded77715c62/output/node_modules/vite/dist/node/chunks/dep-Dm0c1Wj2.js:42658:41)
      at TransformPluginContext.error (file:///C:/Users/user/AppData/Roaming/Open%20Design/namespaces/release-stable-win/data/projects/63a795c4-19ae-4b81-9177-dded77715c62/output/node_modules/vite/dist/node/chunks/dep-Dm0c1Wj2.js:42655:16)
      at TransformPluginContext.transform (file:///C:/Users/user/AppData/Roaming/Open%20Design/namespaces/release-stable-win/data/projects/63a795c4-19ae-4b81-9177-dded77715c62/output/node_modules/vite/dist/node/chunks/dep-Dm0c1Wj2.js:40585:14)
      at async EnvironmentPluginContainer.transform (file:///C:/Users/user/AppData/Roaming/Open%20Design/namespaces/release-stable-win/data/projects/63a795c4-19ae-4b81-9177-dded77715c62/output/node_modules/vite/dist/node/chunks/dep-Dm0c1Wj2.js:42453:18)
      at async loadAndTransform (file:///C:/Users/user/AppData/Roaming/Open%20Design/namespaces/release-stable-win/data/projects/63a795c4-19ae-4b81-9177-dded77715c62/output/node_modules/vite/dist/node/chunks/dep-Dm0c1Wj2.js:35845:27)
      at async viteTransformMiddleware (file:///C:/Users/user/AppData/Roaming/Open%20Design/namespaces/release-stable-win/data/projects/63a795c4-19ae-4b81-9177-dded77715c62/output/node_modules/vite/dist/node/chunks/dep-Dm0c1Wj2.js:37369:24)
[2m21:48:21[22m [31m[1m[vite][22m[39m [31m[2m(client)[22m[39m Pre-transform error: Failed to parse source for import analysis because the content contains invalid JS syntax. Install @vitejs/plugin-vue to handle .vue files.
  Plugin: [35mvite:import-analysis[39m
  File: [36mC:/Users/user/AppData/Roaming/Open Design/namespaces/release-stable-win/data/projects/63a795c4-19ae-4b81-9177-dded77715c62/output/src/App.vue[39m:5:18
[33m  3  |      <transition name="page-fade" mode="out-in">
  4  |        <component :is="Component" :key="route.path" />
  5  |      </transition>
     |                   ^
  6  |    </router-view>
  7  |    <Toast />[39m
[2m21:48:21[22m [31m[1m[vite][22m[39m [31m[2m(client)[22m[39m Pre-transform error: Failed to resolve import "@/views/generate/GenerateVacancyPage.vue" from "src/router/index.ts". Does the file exist?
  Plugin: [35mvite:import-analysis[39m
  File: [36mC:/Users/user/AppData/Roaming/Open Design/namespaces/release-stable-win/data/projects/63a795c4-19ae-4b81-9177-dded77715c62/output/src/router/index.ts[39m:13:30
[33m  10 |        path: "/generate/vacancy",
  11 |        name: "generate-vacancy",
  12 |        component: () => import("@/views/generate/GenerateVacancyPage.vue")
     |                                ^
  13 |      },
  14 |      {[39m
[2m21:48:22[22m [31m[1m[vite][22m[39m [31mInternal server error: Failed to parse source for import analysis because the content contains invalid JS syntax. Install @vitejs/plugin-vue to handle .vue files.[39m
  Plugin: [35mvite:import-analysis[39m
  File: [36mC:/Users/user/AppData/Roaming/Open Design/namespaces/release-stable-win/data/projects/63a795c4-19ae-4b81-9177-dded77715c62/output/src/App.vue[39m:5:18
[33m  3  |      <transition name="page-fade" mode="out-in">
  4  |        <component :is="Component" :key="route.path" />
  5  |      </transition>
     |                   ^
  6  |    </router-view>
  7  |    <Toast />[39m
      at TransformPluginContext._formatLog (file:///C:/Users/user/AppData/Roaming/Open%20Design/namespaces/release-stable-win/data/projects/63a795c4-19ae-4b81-9177-dded77715c62/output/node_modules/vite/dist/node/chunks/dep-Dm0c1Wj2.js:42658:41)
      at TransformPluginContext.error (file:///C:/Users/user/AppData/Roaming/Open%20Design/namespaces/release-stable-win/data/projects/63a795c4-19ae-4b81-9177-dded77715c62/output/node_modules/vite/dist/node/chunks/dep-Dm0c1Wj2.js:42655:16)
      at TransformPluginContext.transform (file:///C:/Users/user/AppData/Roaming/Open%20Design/namespaces/release-stable-win/data/projects/63a795c4-19ae-4b81-9177-dded77715c62/output/node_modules/vite/dist/node/chunks/dep-Dm0c1Wj2.js:40585:14)
      at async EnvironmentPluginContainer.transform (file:///C:/Users/user/AppData/Roaming/Open%20Design/namespaces/release-stable-win/data/projects/63a795c4-19ae-4b81-9177-dded77715c62/output/node_modules/vite/dist/node/chunks/dep-Dm0c1Wj2.js:42453:18)
      at async loadAndTransform (file:///C:/Users/user/AppData/Roaming/Open%20Design/namespaces/release-stable-win/data/projects/63a795c4-19ae-4b81-9177-dded77715c62/output/node_modules/vite/dist/node/chunks/dep-Dm0c1Wj2.js:35845:27)
      at async viteTransformMiddleware (file:///C:/Users/user/AppData/Roaming/Open%20Design/namespaces/release-stable-win/data/projects/63a795c4-19ae-4b81-9177-dded77715c62/output/node_modules/vite/dist/node/chunks/dep-Dm0c1Wj2.js:37369:24)
[2m21:48:22[22m [31m[1m[vite][22m[39m [31mInternal server error: Failed to resolve import "@/views/generate/GenerateVacancyPage.vue" from "src/router/index.ts". Does the file exist?[39m
  Plugin: [35mvite:import-analysis[39m
  File: [36mC:/Users/user/AppData/Roaming/Open Design/namespaces/release-stable-win/data/projects/63a795c4-19ae-4b81-9177-dded77715c62/output/src/router/index.ts[39m:13:30
[33m  10 |        path: "/generate/vacancy",
  11 |        name: "generate-vacancy",
  12 |        component: () => import("@/views/generate/GenerateVacancyPage.vue")
     |                                ^
  13 |      },
  14 |      {[39m
      at TransformPluginContext._formatLog (file:///C:/Users/user/AppData/Roaming/Open%20Design/namespaces/release-stable-win/data/projects/63a795c4-19ae-4b81-9177-dded77715c62/output/node_modules/vite/dist/node/chunks/dep-Dm0c1Wj2.js:42658:41)
      at TransformPluginContext.error (file:///C:/Users/user/AppData/Roaming/Open%20Design/namespaces/release-stable-win/data/projects/63a795c4-19ae-4b81-9177-dded77715c62/output/node_modules/vite/dist/node/chunks/dep-Dm0c1Wj2.js:42655:16)
      at normalizeUrl (file:///C:/Users/user/AppData/Roaming/Open%20Design/namespaces/release-stable-win/data/projects/63a795c4-19ae-4b81-9177-dded77715c62/output/node_modules/vite/dist/node/chunks/dep-Dm0c1Wj2.js:40634:23)
      at process.processTicksAndRejections (node:internal/process/task_queues:104:5)
      at async file:///C:/Users/user/AppData/Roaming/Open%20Design/namespaces/release-stable-win/data/projects/63a795c4-19ae-4b81-9177-dded77715c62/output/node_modules/vite/dist/node/chunks/dep-Dm0c1Wj2.js:40753:37
      at async Promise.all (index 2)
      at async TransformPluginContext.transform (file:///C:/Users/user/AppData/Roaming/Open%20Design/namespaces/release-stable-win/data/projects/63a795c4-19ae-4b81-9177-dded77715c62/output/node_modules/vite/dist/node/chunks/dep-Dm0c1Wj2.js:40680:7)
      at async EnvironmentPluginContainer.transform (file:///C:/Users/user/AppData/Roaming/Open%20Design/namespaces/release-stable-win/data/projects/63a795c4-19ae-4b81-9177-dded77715c62/output/node_modules/vite/dist/node/chunks/dep-Dm0c1Wj2.js:42453:18)
      at async loadAndTransform (file:///C:/Users/user/AppData/Roaming/Open%20Design/namespaces/release-stable-win/data/projects/63a795c4-19ae-4b81-9177-dded77715c62/output/node_modules/vite/dist/node/chunks/dep-Dm0c1Wj2.js:35845:27)
      at async viteTransformMiddleware (file:///C:/Users/user/AppData/Roaming/Open%20Design/namespaces/release-stable-win/data/projects/63a795c4-19ae-4b81-9177-dded77715c62/output/node_modules/vite/dist/node/chunks/dep-Dm0c1Wj2.js:37369:24)
[2m22:16:43[22m [31m[1m[vite][22m[39m [31m[2m(client)[22m[39m Pre-transform error: Failed to parse source for import analysis because the content contains invalid JS syntax. Install @vitejs/plugin-vue to handle .vue files.
  Plugin: [35mvite:import-analysis[39m
  File: [36mC:/Users/user/AppData/Roaming/Open Design/namespaces/release-stable-win/data/projects/63a795c4-19ae-4b81-9177-dded77715c62/output/src/App.vue[39m:5:18
[33m  3  |      <transition name="page-fade" mode="out-in">
  4  |        <component :is="Component" :key="route.path" />
  5  |      </transition>
     |                   ^
  6  |    </router-view>
  7  |    <Toast />[39m
[2m22:16:43[22m [31m[1m[vite][22m[39m [31m[2m(client)[22m[39m Pre-transform error: Failed to resolve import "@/views/generate/GenerateVacancyPage.vue" from "src/router/index.ts". Does the file exist?
  Plugin: [35mvite:import-analysis[39m
  File: [36mC:/Users/user/AppData/Roaming/Open Design/namespaces/release-stable-win/data/projects/63a795c4-19ae-4b81-9177-dded77715c62/output/src/router/index.ts[39m:13:30
[33m  10 |        path: "/generate/vacancy",
  11 |        name: "generate-vacancy",
  12 |        component: () => import("@/views/generate/GenerateVacancyPage.vue")
     |                                ^
  13 |      },
  14 |      {[39m
